Using pre-set license

 COMMAND LINE ARGUMENTS:
/Applications/Unity/Hub/Editor/2020.3.12f1/Unity.app/Contents/MacOS/Unity
-adb2
-batchMode
-noUpm
-name
AssetImportWorker0
-projectPath
/Users/aluhrs/git/rando/M2MqttUnity
-logFile
Logs/AssetImportWorker0.log
-srvPort
53418
Successfully changed project path to: /Users/aluhrs/git/rando/M2MqttUnity
/Users/aluhrs/git/rando/M2MqttUnity
Using Asset Import Pipeline V2.
Refreshing native plugins compatible for Editor in 67.51 ms, found 4 plugins.
Preloading 1 native plugins for Editor in 1.98 ms.
Initialize engine version: 2020.3.12f1 (b3b2c6512326)
[Subsystems] Discovering subsystems at path /Applications/Unity/Hub/Editor/2020.3.12f1/Unity.app/Contents/Resources/UnitySubsystems
[Subsystems] Discovering subsystems at path /Users/aluhrs/git/rando/M2MqttUnity/Assets
GfxDevice: creating device client; threaded=0
Renderer: AMD Radeon Pro 555 OpenGL Engine
Vendor:   ATI Technologies Inc.
Version:  4.1 ATI-4.2.15
GLES:     0
 GL_ARB_blend_func_extended GL_ARB_draw_buffers_blend GL_ARB_draw_indirect GL_ARB_ES2_compatibility GL_ARB_explicit_attrib_location GL_ARB_gpu_shader_fp64 GL_ARB_gpu_shader5 GL_ARB_instanced_arrays GL_ARB_internalformat_query GL_ARB_occlusion_query2 GL_ARB_sample_shading GL_ARB_sampler_objects GL_ARB_separate_shader_objects GL_ARB_shader_bit_encoding GL_ARB_shader_subroutine GL_ARB_shading_language_include GL_ARB_tessellation_shader GL_ARB_texture_buffer_object_rgb32 GL_ARB_texture_cube_map_array GL_ARB_texture_gather GL_ARB_texture_query_lod GL_ARB_texture_rgb10_a2ui GL_ARB_texture_storage GL_ARB_texture_swizzle GL_ARB_timer_query GL_ARB_transform_feedback2 GL_ARB_transform_feedback3 GL_ARB_vertex_attrib_64bit GL_ARB_vertex_type_2_10_10_10_rev GL_ARB_viewport_array GL_EXT_debug_label GL_EXT_debug_marker GL_EXT_depth_bounds_test GL_EXT_texture_compression_s3tc GL_EXT_texture_filter_anisotropic GL_EXT_texture_mirror_clamp GL_EXT_texture_sRGB_decode GL_APPLE_client_storage GL_APPLE_container_object_shareable G
L_APPLE_flush_render GL_APPLE_object_purgeable GL_APPLE_rgb_422 GL_APPLE_row_bytes GL_APPLE_texture_range GL_ATI_texture_mirror_once GL_NV_texture_barrier
OPENGL LOG: Creating OpenGL 4.1 graphics device ; Context level  <OpenGL 4.1> ; Context handle -737660928
Initialize mono
Mono path[0] = '/Applications/Unity/Hub/Editor/2020.3.12f1/Unity.app/Contents/Managed'
Mono path[1] = '/Applications/Unity/Hub/Editor/2020.3.12f1/Unity.app/Contents/MonoBleedingEdge/lib/mono/unityjit'
Mono config path = '/Applications/Unity/Hub/Editor/2020.3.12f1/Unity.app/Contents/MonoBleedingEdge/etc'
Using monoOptions --debugger-agent=transport=dt_socket,embedding=1,server=y,suspend=n,address=127.0.0.1:56060
Begin MonoManager ReloadAssembly
Registering precompiled unity dll's ...
Register platform support module: /Applications/Unity/Hub/Editor/2020.3.12f1/Unity.app/Contents/PlaybackEngines/MacStandaloneSupport/UnityEditor.OSXStandalone.Extensions.dll
Register platform support module: /Applications/Unity/Hub/Editor/2020.3.12f1/PlaybackEngines/LuminSupport/UnityEditor.Lumin.Extensions.dll
Registered in 0.008172 seconds.
Native extension for Lumin target not found
Native extension for OSXStandalone target not found
Refreshing native plugins compatible for Editor in 42.78 ms, found 4 plugins.
Preloading 1 native plugins for Editor in 0.51 ms.
Mono: successfully reloaded assembly
- Completed reload, in  5.939 seconds
Platform modules already initialized, skipping
Registering precompiled user dll's ...
Registered in 0.008197 seconds.
Begin MonoManager ReloadAssembly
Native extension for Lumin target not found
Native extension for OSXStandalone target not found
Refreshing native plugins compatible for Editor in 0.59 ms, found 4 plugins.
Preloading 1 native plugins for Editor in 0.53 ms.
Obtained 256 stack frames.
#0  0x000001087ad65a in core::hash_set<core::pair<core::basic_string<char, core::StringStorageDefault<char> > const, UnityGUID, true>, core::hash_pair<core::hash<core::basic_string<char, core::StringStorageDefault<char> > >, core::basic_string<char, core::StringStorageDefault<char> > const, UnityGUID>, core::equal_pair<std::__1::equal_to<core::basic_string<char, core::StringStorageDefault<char> > >, core::basic_string<char, core::StringStorageDefault<char> > const, UnityGUID> >::operator=(core::hash_set<core::pair<core::basic_string<char, core::StringStorageDefault<char> > const, UnityGUID, true>, core::hash_pair<core::hash<core::basic_string<char, core::StringStorageDefault<char> > >, core::basic_string<char, core::StringStorageDefault<char> > const, UnityGUID>, core::equal_pair<std::__1::equal_to<core::basic_string<char, core::StringStorageDefault<char> > >, core::basic_string<char, core::StringStorageDefault<char> > const, UnityGUID> > const&)
#1  0x000001087b281a in core::function_ref<void (SourceAssetDBWriteTxn&)>::function_ref<SourceAssetScanner::Refresh(ScanFilter const&, GuidReservations&)::$_2, (void*)0>(SourceAssetScanner::Refresh(ScanFilter const&, GuidReservations&)::$_2&&)::'lambda'(void*, SourceAssetDBWriteTxn&)::__invoke(void*, SourceAssetDBWriteTxn&)
#2  0x000001087d5949 in LMDB_Transaction::Run(core::function_ref<void (LMDB_Transaction&)>)
#3  0x000001087da9fe in SourceAssetDBWriteTxn::Run(core::function_ref<void (SourceAssetDBWriteTxn&)>)
#4  0x000001087a76e3 in SourceAssetScanner::Refresh(ScanFilter const&, GuidReservations&)
#5  0x0000010875070b in Scan(ScanFilter const&)
#6  0x000001087505dc in ImportAtPathV2(core::basic_string_ref<char>, AssetDatabase::UpdateAssetOptions)
#7  0x000001086a66b9 in AssetDatabase::ImportAtPath(core::basic_string_ref<char>, AssetDatabase::UpdateAssetOptions)
#8  0x00000108750aea in CreateFolderV2(core::basic_string<char, core::StringStorageDefault<char> > const&)
#9  0x00000108dbf16f in AssetDatabaseBindings::CreateFolder(core::basic_string<char, core::StringStorageDefault<char> > const&, core::basic_string<char, core::StringStorageDefault<char> > const&)
#10 0x00000108e57fa8 in AssetDatabase_CUSTOM_CreateFolder(ScriptingBackendNativeStringPtrOpaque*, ScriptingBackendNativeStringPtrOpaque*)
#11 0x000001491bf505 in  (wrapper managed-to-native) UnityEditor.AssetDatabase:CreateFolder (string,string) {0x7ffddbaa2858} + 0x65 (0x1491bf4a0 0x1491bf595) [0x146008960 - Unity Child Domain]
#12 0x00000000000000 in (Unknown)
#13 0x00000000000000 in (Unknown)
#14 0x007ffdd30afb70 in (Unknown)
#15 0x007ffdd30afb70 in (Unknown)
#16 0x007ffdd30afb70 in (Unknown)
#17 0x007ffdd30afb70 in (Unknown)
#18 0x007ffdd30afb70 in (Unknown)
#19 0x007ffdd30afb70 in (Unknown)
#20 0x007ffdd30afb70 in (Unknown)
#21 0x007ffdd30afb70 in (Unknown)
#22 0x007ffdd30afb70 in (Unknown)
#23 0x007ffdd30afb70 in (Unknown)
#24 0x007ffdd30afb70 in (Unknown)
#25 0x007ffdd30afb70 in (Unknown)
#26 0x007ffdd30afb70 in (Unknown)
#27 0x007ffdd30afb70 in (Unknown)
#28 0x007ffdd30afb70 in (Unknown)
#29 0x007ffdd30afb70 in (Unknown)
#30 0x007ffdd30afb70 in (Unknown)
#31 0x007ffdd30afb70 in (Unknown)
#32 0x007ffdd30afb70 in (Unknown)
#33 0x007ffdd30afb70 in (Unknown)
#34 0x007ffdd30afb70 in (Unknown)
#35 0x007ffdd30afb70 in (Unknown)
#36 0x007ffdd30afb70 in (Unknown)
#37 0x007ffdd30afb70 in (Unknown)
#38 0x007ffdd30afb70 in (Unknown)
#39 0x007ffdd30afb70 in (Unknown)
#40 0x007ffdd30afb70 in (Unknown)
#41 0x007ffdd30afb70 in (Unknown)
#42 0x007ffdd30afb70 in (Unknown)
#43 0x007ffdd30afb70 in (Unknown)
#44 0x007ffdd30afb70 in (Unknown)
#45 0x007ffdd30afb70 in (Unknown)
#46 0x007ffdd30afb70 in (Unknown)
#47 0x007ffdd30afb70 in (Unknown)
#48 0x007ffdd30afb70 in (Unknown)
#49 0x007ffdd30afb70 in (Unknown)
#50 0x007ffdd30afb70 in (Unknown)
#51 0x007ffdd30afb70 in (Unknown)
#52 0x007ffdd30afb70 in (Unknown)
#53 0x007ffdd30afb70 in (Unknown)
#54 0x007ffdd30afb70 in (Unknown)
#55 0x007ffdd30afb70 in (Unknown)
#56 0x007ffdd30afb70 in (Unknown)
#57 0x007ffdd30afb70 in (Unknown)
#58 0x007ffdd30afb70 in (Unknown)
#59 0x007ffdd30afb70 in (Unknown)
#60 0x007ffdd30afb70 in (Unknown)
#61 0x007ffdd30afb70 in (Unknown)
#62 0x007ffdd30afb70 in (Unknown)
#63 0x007ffdd30afb70 in (Unknown)
#64 0x007ffdd30afb70 in (Unknown)
#65 0x007ffdd30afb70 in (Unknown)
#66 0x007ffdd30afb70 in (Unknown)
#67 0x007ffdd30afb70 in (Unknown)
#68 0x007ffdd30afb70 in (Unknown)
#69 0x007ffdd30afb70 in (Unknown)
#70 0x007ffdd30afb70 in (Unknown)
#71 0x007ffdd30afb70 in (Unknown)
#72 0x007ffdd30afb70 in (Unknown)
#73 0x007ffdd30afb70 in (Unknown)
#74 0x007ffdd30afb70 in (Unknown)
#75 0x007ffdd30afb70 in (Unknown)
#76 0x007ffdd30afb70 in (Unknown)
#77 0x007ffdd30afb70 in (Unknown)
#78 0x007ffdd30afb70 in (Unknown)
#79 0x007ffdd30afb70 in (Unknown)
#80 0x007ffdd30afb70 in (Unknown)
#81 0x007ffdd30afb70 in (Unknown)
#82 0x007ffdd30afb70 in (Unknown)
#83 0x007ffdd30afb70 in (Unknown)
#84 0x007ffdd30afb70 in (Unknown)
#85 0x007ffdd30afb70 in (Unknown)
#86 0x007ffdd30afb70 in (Unknown)
#87 0x007ffdd30afb70 in (Unknown)
#88 0x007ffdd30afb70 in (Unknown)
#89 0x007ffdd30afb70 in (Unknown)
#90 0x007ffdd30afb70 in (Unknown)
#91 0x007ffdd30afb70 in (Unknown)
#92 0x007ffdd30afb70 in (Unknown)
#93 0x007ffdd30afb70 in (Unknown)
#94 0x007ffdd30afb70 in (Unknown)
#95 0x007ffdd30afb70 in (Unknown)
#96 0x007ffdd30afb70 in (Unknown)
#97 0x007ffdd30afb70 in (Unknown)
#98 0x007ffdd30afb70 in (Unknown)
#99 0x007ffdd30afb70 in (Unknown)
#1000x007ffdd30afb70 in (Unknown)
#1010x007ffdd30afb70 in (Unknown)
#1020x007ffdd30afb70 in (Unknown)
#1030x007ffdd30afb70 in (Unknown)
#1040x007ffdd30afb70 in (Unknown)
#1050x007ffdd30afb70 in (Unknown)
#1060x007ffdd30afb70 in (Unknown)
#1070x007ffdd30afb70 in (Unknown)
#1080x007ffdd30afb70 in (Unknown)
#1090x007ffdd30afb70 in (Unknown)
#1100x007ffdd30afb70 in (Unknown)
#1110x007ffdd30afb70 in (Unknown)
#1120x007ffdd30afb70 in (Unknown)
#1130x007ffdd30afb70 in (Unknown)
#1140x007ffdd30afb70 in (Unknown)
#1150x007ffdd30afb70 in (Unknown)
#1160x007ffdd30afb70 in (Unknown)
#1170x007ffdd30afb70 in (Unknown)
#1180x007ffdd30afb70 in (Unknown)
#1190x007ffdd30afb70 in (Unknown)
#1200x007ffdd30afb70 in (Unknown)
#1210x007ffdd30afb70 in (Unknown)
#1220x007ffdd30afb70 in (Unknown)
#1230x007ffdd30afb70 in (Unknown)
#1240x007ffdd30afb70 in (Unknown)
#1250x007ffdd30afb70 in (Unknown)
#1260x007ffdd30afb70 in (Unknown)
#1270x007ffdd30afb70 in (Unknown)
#1280x007ffdd30afb70 in (Unknown)
#1290x007ffdd30afb70 in (Unknown)
#1300x007ffdd30afb70 in (Unknown)
#1310x007ffdd30afb70 in (Unknown)
#1320x007ffdd30afb70 in (Unknown)
#1330x007ffdd30afb70 in (Unknown)
#1340x007ffdd30afb70 in (Unknown)
#1350x007ffdd30afb70 in (Unknown)
#1360x007ffdd30afb70 in (Unknown)
#1370x007ffdd30afb70 in (Unknown)
#1380x007ffdd30afb70 in (Unknown)
#1390x007ffdd30afb70 in (Unknown)
#1400x007ffdd30afb70 in (Unknown)
#1410x007ffdd30afb70 in (Unknown)
#1420x007ffdd30afb70 in (Unknown)
#1430x007ffdd30afb70 in (Unknown)
#1440x007ffdd30afb70 in (Unknown)
#1450x007ffdd30afb70 in (Unknown)
#1460x007ffdd30afb70 in (Unknown)
#1470x007ffdd30afb70 in (Unknown)
#1480x007ffdd30afb70 in (Unknown)
#1490x007ffdd30afb70 in (Unknown)
#1500x007ffdd30afb70 in (Unknown)
#1510x007ffdd30afb70 in (Unknown)
#1520x007ffdd30afb70 in (Unknown)
#1530x007ffdd30afb70 in (Unknown)
#1540x007ffdd30afb70 in (Unknown)
#1550x007ffdd30afb70 in (Unknown)
#1560x007ffdd30afb70 in (Unknown)
#1570x007ffdd30afb70 in (Unknown)
#1580x007ffdd30afb70 in (Unknown)
#1590x007ffdd30afb70 in (Unknown)
#1600x007ffdd30afb70 in (Unknown)
#1610x007ffdd30afb70 in (Unknown)
#1620x007ffdd30afb70 in (Unknown)
#1630x007ffdd30afb70 in (Unknown)
#1640x007ffdd30afb70 in (Unknown)
#1650x007ffdd30afb70 in (Unknown)
#1660x007ffdd30afb70 in (Unknown)
#1670x007ffdd30afb70 in (Unknown)
#1680x007ffdd30afb70 in (Unknown)
#1690x007ffdd30afb70 in (Unknown)
#1700x007ffdd30afb70 in (Unknown)
#1710x007ffdd30afb70 in (Unknown)
#1720x007ffdd30afb70 in (Unknown)
#1730x007ffdd30afb70 in (Unknown)
#1740x007ffdd30afb70 in (Unknown)
#1750x007ffdd30afb70 in (Unknown)
#1760x007ffdd30afb70 in (Unknown)
#1770x007ffdd30afb70 in (Unknown)
#1780x007ffdd30afb70 in (Unknown)
#1790x007ffdd30afb70 in (Unknown)
#1800x007ffdd30afb70 in (Unknown)
#1810x007ffdd30afb70 in (Unknown)
#1820x007ffdd30afb70 in (Unknown)
#1830x007ffdd30afb70 in (Unknown)
#1840x007ffdd30afb70 in (Unknown)
#1850x007ffdd30afb70 in (Unknown)
#1860x007ffdd30afb70 in (Unknown)
#1870x007ffdd30afb70 in (Unknown)
#1880x007ffdd30afb70 in (Unknown)
#1890x007ffdd30afb70 in (Unknown)
#1900x007ffdd30afb70 in (Unknown)
#1910x007ffdd30afb70 in (Unknown)
#1920x007ffdd30afb70 in (Unknown)
#1930x007ffdd30afb70 in (Unknown)
#1940x007ffdd30afb70 in (Unknown)
#1950x007ffdd30afb70 in (Unknown)
#1960x007ffdd30afb70 in (Unknown)
#1970x007ffdd30afb70 in (Unknown)
#1980x007ffdd30afb70 in (Unknown)
#1990x007ffdd30afb70 in (Unknown)
#2000x007ffdd30afb70 in (Unknown)
#2010x007ffdd30afb70 in (Unknown)
#2020x007ffdd30afb70 in (Unknown)
#2030x007ffdd30afb70 in (Unknown)
#2040x007ffdd30afb70 in (Unknown)
#2050x007ffdd30afb70 in (Unknown)
#2060x007ffdd30afb70 in (Unknown)
#2070x007ffdd30afb70 in (Unknown)
#2080x007ffdd30afb70 in (Unknown)
#2090x007ffdd30afb70 in (Unknown)
#2100x007ffdd30afb70 in (Unknown)
#2110x007ffdd30afb70 in (Unknown)
#2120x007ffdd30afb70 in (Unknown)
#2130x007ffdd30afb70 in (Unknown)
#2140x007ffdd30afb70 in (Unknown)
#2150x007ffdd30afb70 in (Unknown)
#2160x007ffdd30afb70 in (Unknown)
#2170x007ffdd30afb70 in (Unknown)
#2180x007ffdd30afb70 in (Unknown)
#2190x007ffdd30afb70 in (Unknown)
#2200x007ffdd30afb70 in (Unknown)
#2210x007ffdd30afb70 in (Unknown)
#2220x007ffdd30afb70 in (Unknown)
#2230x007ffdd30afb70 in (Unknown)
#2240x007ffdd30afb70 in (Unknown)
#2250x007ffdd30afb70 in (Unknown)
#2260x007ffdd30afb70 in (Unknown)
#2270x007ffdd30afb70 in (Unknown)
#2280x007ffdd30afb70 in (Unknown)
#2290x007ffdd30afb70 in (Unknown)
#2300x007ffdd30afb70 in (Unknown)
#2310x007ffdd30afb70 in (Unknown)
#2320x007ffdd30afb70 in (Unknown)
#2330x007ffdd30afb70 in (Unknown)
#2340x007ffdd30afb70 in (Unknown)
#2350x007ffdd30afb70 in (Unknown)
#2360x007ffdd30afb70 in (Unknown)
#2370x007ffdd30afb70 in (Unknown)
#2380x007ffdd30afb70 in (Unknown)
#2390x007ffdd30afb70 in (Unknown)
#2400x007ffdd30afb70 in (Unknown)
#2410x007ffdd30afb70 in (Unknown)
#2420x007ffdd30afb70 in (Unknown)
#2430x007ffdd30afb70 in (Unknown)
#2440x007ffdd30afb70 in (Unknown)
#2450x007ffdd30afb70 in (Unknown)
#2460x007ffdd30afb70 in (Unknown)
#2470x007ffdd30afb70 in (Unknown)
#2480x007ffdd30afb70 in (Unknown)
#2490x007ffdd30afb70 in (Unknown)
#2500x007ffdd30afb70 in (Unknown)
#2510x007ffdd30afb70 in (Unknown)
#2520x007ffdd30afb70 in (Unknown)
#2530x007ffdd30afb70 in (Unknown)
#2540x007ffdd30afb70 in (Unknown)
#2550x007ffdd30afb70 in (Unknown)
